INFO:root:Valid DataFrame:
       name      address       phone          website                 email
0  John Doe  123 Main St  1234567890  www.example.com  john.doe@example.com
INFO:root:Invalid DataFrame:
   name address         phone website email
1                123456789012              
2  None    None          None    None  None
INFO:root:Valid DataFrame:
       name      address       phone          website                 email
0  John Doe  123 Main St  1234567890  www.example.com  john.doe@example.com
INFO:root:Invalid DataFrame:
   name address         phone website email
1                123456789012              
2  None    None          None    None  None
INFO:root:Valid DataFrame:
       name      address       phone          website                 email
0  John Doe  123 Main St  1234567890  www.example.com  john.doe@example.com
INFO:root:Invalid DataFrame:
   name address         phone website email
1                123456789012              
2  None    None          None    None  None
INFO:root:Valid DataFrame:
       name      address       phone          website                 email
0  John Doe  123 Main St  1234567890  www.example.com  john.doe@example.com
INFO:root:Invalid DataFrame:
   name address         phone website email
1                123456789012              
2  None    None          None    None  None
INFO:root:Valid DataFrame:
       name      address       phone          website                 email
0  John Doe  123 Main St  1234567890  www.example.com  john.doe@example.com
INFO:root:Invalid DataFrame:
   name address         phone website email
1                123456789012              
2  None    None          None    None  None
INFO:root:Valid DataFrame:
        name      address       phone           website               email
0  Company A  123 Main St  5551234567  www.companya.com  email@companya.com
1  Company C   456 Oak St  5557891234  www.companyc.com  email@companyc.com
INFO:root:Invalid DataFrame:
Empty DataFrame
Columns: [name, address, phone, website, email]
Index: []
INFO:root:Valid DataFrame:
Empty DataFrame
Columns: [name, address, phone, website, email]
Index: []
INFO:root:Invalid DataFrame:
   name address                 phone website email
0                12345678901234567890              
1  None    None                  None    None  None
INFO:root:Valid DataFrame:
       name      address       phone          website                 email
0  John Doe  123 Main St  1234567890  www.example.com  john.doe@example.com
INFO:root:Invalid DataFrame:
   name address         phone website email
1                123456789012              
2  None    None          None    None  None
INFO:root:Valid DataFrame:
        name      address       phone           website               email
0  Company A  123 Main St  5551234567  www.companya.com  email@companya.com
1  Company C   456 Oak St  5557891234  www.companyc.com  email@companyc.com
INFO:root:Invalid DataFrame:
Empty DataFrame
Columns: [name, address, phone, website, email]
Index: []
INFO:root:Valid DataFrame:
Empty DataFrame
Columns: [name, address, phone, website, email]
Index: []
INFO:root:Invalid DataFrame:
   name address                 phone website email
0                12345678901234567890              
1  None    None                  None    None  None
